  unity_EQ7H54AS5UMRHIU7.cpp
C:\Users\TinyPrince\Desktop\Study\Cpp\WinApi_Mojak\MercuryProject\CAnimation.cpp(43,25): warning C4018: '<=': signed 또는 unsigned가 일치하지 않습니다.
C:\Users\TinyPrince\Desktop\Study\Cpp\WinApi_Mojak\MercuryProject\CCollider.cpp(149,14): warning C4244: '=': 'float'에서 'LONG'(으)로 변환하면서 데이터가 손실될 수 있습니다.
C:\Users\TinyPrince\Desktop\Study\Cpp\WinApi_Mojak\MercuryProject\CCollider.cpp(150,13): warning C4244: '=': 'float'에서 'LONG'(으)로 변환하면서 데이터가 손실될 수 있습니다.
C:\Users\TinyPrince\Desktop\Study\Cpp\WinApi_Mojak\MercuryProject\CCollider.cpp(151,68): warning C4244: '=': 'float'에서 'LONG'(으)로 변환하면서 데이터가 손실될 수 있습니다.
C:\Users\TinyPrince\Desktop\Study\Cpp\WinApi_Mojak\MercuryProject\CCollider.cpp(152,69): warning C4244: '=': 'float'에서 'LONG'(으)로 변환하면서 데이터가 손실될 수 있습니다.
C:\Users\TinyPrince\Desktop\Study\Cpp\WinApi_Mojak\MercuryProject\func.h(9,1): error C2678: 이항 '!=': 왼쪽 피연산자로 'nullptr' 형식을 사용하는 연산자가 없거나 허용되는 변환이 없습니다.
C:\Program Files (x86)\Windows Kits\10\Include\10.0.19041.0\shared\guiddef.h(197,15): message : 'bool operator !=(const GUID &,const GUID &)'일 수 있습니다[인수 종속성을 조회하여 발견].
C:\Users\TinyPrince\Desktop\Study\Cpp\WinApi_Mojak\MercuryProject\func.h(9,1): message : 인수 목록 '(nullptr, _Ty)'을(를) 일치시키는 동안
          with
          [
              _Ty=tEvent
          ]
C:\Users\TinyPrince\Desktop\Study\Cpp\WinApi_Mojak\MercuryProject\CEventMgr.cpp(16): message : 컴파일되는 함수 템플릿 인스턴스화 'void Safe_Delete_Vec<tEvent>(std::vector<tEvent,std::allocator<tEvent>> &)'에 대한 참조를 확인하세요.
C:\Users\TinyPrince\Desktop\Study\Cpp\WinApi_Mojak\MercuryProject\func.h(11,1): error C2440: 'delete': '_Ty'에서 'void*'(으)로 변환할 수 없습니다.
          with
          [
              _Ty=tEvent
          ]
C:\Users\TinyPrince\Desktop\Study\Cpp\WinApi_Mojak\MercuryProject\func.h(11,17): message : 이 변환을 수행할 수 있는 사용 가능한 사용자 정의 변환 연산자가 없거나 연산자를 호출할 수 없습니다.
